<?xml version="1.0" encoding="UTF-8"?>
<coverage generated="1675803165582" clover="3.2.0">
  <project timestamp="1675803165582" name="All files">
    <metrics statements="50" coveredstatements="50" conditionals="52" coveredconditionals="52" methods="8" coveredmethods="8" elements="110" coveredelements="110" complexity="0" loc="50" ncloc="50" packages="1" files="1" classes="1"/>
    <file name="Automate.ts" path="C:\Users\Hugo THIEBAUT\OneDrive\Bureau\Calculatrice\src\app\Automate.ts">
      <metrics statements="50" coveredstatements="50" conditionals="52" coveredconditionals="52" methods="8" coveredmethods="8"/>
      <line num="4" count="167" type="cond" truecount="2" falsecount="0"/>
      <line num="5" count="99" type="stmt"/>
      <line num="7" count="32" type="stmt"/>
      <line num="10" count="61" type="cond" truecount="2" falsecount="0"/>
      <line num="11" count="27" type="stmt"/>
      <line num="12" count="34" type="cond" truecount="2" falsecount="0"/>
      <line num="13" count="17" type="stmt"/>
      <line num="14" count="17" type="cond" truecount="2" falsecount="0"/>
      <line num="15" count="12" type="stmt"/>
      <line num="16" count="5" type="cond" truecount="2" falsecount="0"/>
      <line num="17" count="4" type="stmt"/>
      <line num="19" count="1" type="stmt"/>
      <line num="23" count="17" type="cond" truecount="2" falsecount="0"/>
      <line num="24" count="8" type="stmt"/>
      <line num="25" count="9" type="cond" truecount="2" falsecount="0"/>
      <line num="26" count="8" type="stmt"/>
      <line num="28" count="1" type="stmt"/>
      <line num="32" count="47" type="cond" truecount="2" falsecount="0"/>
      <line num="33" count="12" type="stmt"/>
      <line num="34" count="35" type="cond" truecount="2" falsecount="0"/>
      <line num="40" count="12" type="stmt"/>
      <line num="41" count="23" type="cond" truecount="2" falsecount="0"/>
      <line num="42" count="1" type="stmt"/>
      <line num="43" count="22" type="cond" truecount="2" falsecount="0"/>
      <line num="44" count="13" type="stmt"/>
      <line num="45" count="9" type="cond" truecount="2" falsecount="0"/>
      <line num="46" count="8" type="stmt"/>
      <line num="48" count="1" type="stmt"/>
      <line num="52" count="20" type="cond" truecount="2" falsecount="0"/>
      <line num="53" count="19" type="stmt"/>
      <line num="55" count="1" type="stmt"/>
      <line num="59" count="22" type="cond" truecount="2" falsecount="0"/>
      <line num="60" count="2" type="stmt"/>
      <line num="61" count="20" type="cond" truecount="2" falsecount="0"/>
      <line num="67" count="9" type="stmt"/>
      <line num="68" count="11" type="cond" truecount="2" falsecount="0"/>
      <line num="69" count="8" type="stmt"/>
      <line num="70" count="3" type="cond" truecount="2" falsecount="0"/>
      <line num="71" count="2" type="stmt"/>
      <line num="73" count="1" type="stmt"/>
      <line num="77" count="12" type="cond" truecount="2" falsecount="0"/>
      <line num="78" count="2" type="stmt"/>
      <line num="79" count="10" type="cond" truecount="2" falsecount="0"/>
      <line num="85" count="4" type="stmt"/>
      <line num="86" count="6" type="cond" truecount="2" falsecount="0"/>
      <line num="87" count="4" type="stmt"/>
      <line num="89" count="2" type="stmt"/>
      <line num="92" count="32" type="stmt"/>
      <line num="96" count="1" type="stmt"/>
      <line num="98" count="1" type="stmt"/>
    </file>
  </project>
</coverage>
