<?xml version="1.0" encoding="UTF-8"?>
<coverage generated="1675729327647" clover="3.2.0">
  <project timestamp="1675729327647" name="All files">
    <metrics statements="37" coveredstatements="37" conditionals="36" coveredconditionals="36" methods="7" coveredmethods="7" elements="80" coveredelements="80" complexity="0" loc="37" ncloc="37" packages="1" files="1" classes="1"/>
    <file name="Automate.ts" path="C:\Users\Hugo THIEBAUT\OneDrive\Bureau\Calculatrice\src\app\Automate.ts">
      <metrics statements="37" coveredstatements="37" conditionals="36" coveredconditionals="36" methods="7" coveredmethods="7"/>
      <line num="4" count="147" type="cond" truecount="2" falsecount="0"/>
      <line num="5" count="86" type="stmt"/>
      <line num="7" count="28" type="stmt"/>
      <line num="10" count="50" type="cond" truecount="2" falsecount="0"/>
      <line num="11" count="22" type="stmt"/>
      <line num="12" count="28" type="cond" truecount="2" falsecount="0"/>
      <line num="13" count="17" type="stmt"/>
      <line num="14" count="11" type="cond" truecount="2" falsecount="0"/>
      <line num="15" count="10" type="stmt"/>
      <line num="17" count="1" type="stmt"/>
      <line num="21" count="17" type="cond" truecount="2" falsecount="0"/>
      <line num="22" count="8" type="stmt"/>
      <line num="23" count="9" type="cond" truecount="2" falsecount="0"/>
      <line num="24" count="8" type="stmt"/>
      <line num="26" count="1" type="stmt"/>
      <line num="30" count="42" type="cond" truecount="2" falsecount="0"/>
      <line num="31" count="12" type="stmt"/>
      <line num="32" count="30" type="cond" truecount="2" falsecount="0"/>
      <line num="38" count="13" type="stmt"/>
      <line num="39" count="17" type="cond" truecount="2" falsecount="0"/>
      <line num="40" count="1" type="stmt"/>
      <line num="41" count="16" type="cond" truecount="2" falsecount="0"/>
      <line num="42" count="14" type="stmt"/>
      <line num="44" count="2" type="stmt"/>
      <line num="48" count="18" type="cond" truecount="2" falsecount="0"/>
      <line num="49" count="17" type="stmt"/>
      <line num="51" count="1" type="stmt"/>
      <line num="55" count="20" type="cond" truecount="2" falsecount="0"/>
      <line num="56" count="2" type="stmt"/>
      <line num="57" count="18" type="cond" truecount="2" falsecount="0"/>
      <line num="63" count="9" type="stmt"/>
      <line num="64" count="9" type="cond" truecount="2" falsecount="0"/>
      <line num="65" count="8" type="stmt"/>
      <line num="67" count="1" type="stmt"/>
      <line num="70" count="28" type="stmt"/>
      <line num="74" count="1" type="stmt"/>
      <line num="76" count="1" type="stmt"/>
    </file>
  </project>
</coverage>
