{"C:\\Users\\Hugo THIEBAUT\\OneDrive\\Bureau\\Calculatrice\\src\\app\\Automate.ts": {"path":"C:\\Users\\Hugo THIEBAUT\\OneDrive\\Bureau\\Calculatrice\\src\\app\\Automate.ts","statementMap":{"0":{"start":{"line":4,"column":6},"end":{"line":4,"column":92}},"1":{"start":{"line":4,"column":80},"end":{"line":4,"column":92}},"2":{"start":{"line":5,"column":6},"end":{"line":5,"column":19}},"3":{"start":{"line":7,"column":16},"end":{"line":7,"column":17}},"4":{"start":{"line":10,"column":6},"end":{"line":16,"column":7}},"5":{"start":{"line":11,"column":8},"end":{"line":11,"column":40}},"6":{"start":{"line":12,"column":13},"end":{"line":16,"column":7}},"7":{"start":{"line":13,"column":8},"end":{"line":13,"column":40}},"8":{"start":{"line":14,"column":13},"end":{"line":16,"column":7}},"9":{"start":{"line":15,"column":8},"end":{"line":15,"column":40}},"10":{"start":{"line":17,"column":6},"end":{"line":17,"column":42}},"11":{"start":{"line":21,"column":6},"end":{"line":25,"column":7}},"12":{"start":{"line":22,"column":8},"end":{"line":22,"column":40}},"13":{"start":{"line":23,"column":13},"end":{"line":25,"column":7}},"14":{"start":{"line":24,"column":8},"end":{"line":24,"column":40}},"15":{"start":{"line":26,"column":6},"end":{"line":26,"column":42}},"16":{"start":{"line":30,"column":6},"end":{"line":43,"column":7}},"17":{"start":{"line":31,"column":8},"end":{"line":31,"column":40}},"18":{"start":{"line":32,"column":13},"end":{"line":43,"column":7}},"19":{"start":{"line":38,"column":8},"end":{"line":38,"column":40}},"20":{"start":{"line":39,"column":13},"end":{"line":43,"column":7}},"21":{"start":{"line":40,"column":8},"end":{"line":40,"column":40}},"22":{"start":{"line":41,"column":13},"end":{"line":43,"column":7}},"23":{"start":{"line":42,"column":8},"end":{"line":42,"column":20}},"24":{"start":{"line":44,"column":6},"end":{"line":44,"column":55}},"25":{"start":{"line":48,"column":6},"end":{"line":50,"column":7}},"26":{"start":{"line":49,"column":8},"end":{"line":49,"column":40}},"27":{"start":{"line":51,"column":6},"end":{"line":51,"column":42}},"28":{"start":{"line":55,"column":6},"end":{"line":66,"column":7}},"29":{"start":{"line":56,"column":8},"end":{"line":56,"column":40}},"30":{"start":{"line":57,"column":13},"end":{"line":66,"column":7}},"31":{"start":{"line":63,"column":8},"end":{"line":63,"column":40}},"32":{"start":{"line":64,"column":13},"end":{"line":66,"column":7}},"33":{"start":{"line":65,"column":8},"end":{"line":65,"column":20}},"34":{"start":{"line":67,"column":6},"end":{"line":67,"column":55}},"35":{"start":{"line":70,"column":4},"end":{"line":70,"column":33}},"36":{"start":{"line":74,"column":13},"end":{"line":74,"column":43}},"37":{"start":{"line":76,"column":0},"end":{"line":76,"column":20}}},"fnMap":{"0":{"name":"(anonymous_0)","decl":{"start":{"line":2,"column":2},"end":{"line":2,"column":3}},"loc":{"start":{"line":2,"column":63},"end":{"line":71,"column":3}},"line":2},"1":{"name":"estChiffre","decl":{"start":{"line":3,"column":13},"end":{"line":3,"column":23}},"loc":{"start":{"line":3,"column":50},"end":{"line":6,"column":5}},"line":3},"2":{"name":"etat_a","decl":{"start":{"line":9,"column":13},"end":{"line":9,"column":19}},"loc":{"start":{"line":9,"column":75},"end":{"line":18,"column":5}},"line":9},"3":{"name":"etat_b","decl":{"start":{"line":20,"column":13},"end":{"line":20,"column":19}},"loc":{"start":{"line":20,"column":75},"end":{"line":27,"column":5}},"line":20},"4":{"name":"etat_c","decl":{"start":{"line":29,"column":13},"end":{"line":29,"column":19}},"loc":{"start":{"line":29,"column":75},"end":{"line":45,"column":5}},"line":29},"5":{"name":"etat_d","decl":{"start":{"line":47,"column":13},"end":{"line":47,"column":19}},"loc":{"start":{"line":47,"column":75},"end":{"line":52,"column":5}},"line":47},"6":{"name":"etat_e","decl":{"start":{"line":54,"column":13},"end":{"line":54,"column":19}},"loc":{"start":{"line":54,"column":75},"end":{"line":68,"column":5}},"line":54}},"branchMap":{"0":{"loc":{"start":{"line":4,"column":6},"end":{"line":4,"column":92}},"type":"if","locations":[{"start":{"line":4,"column":6},"end":{"line":4,"column":92}},{"start":{},"end":{}}],"line":4},"1":{"loc":{"start":{"line":10,"column":6},"end":{"line":16,"column":7}},"type":"if","locations":[{"start":{"line":10,"column":6},"end":{"line":16,"column":7}},{"start":{"line":12,"column":13},"end":{"line":16,"column":7}}],"line":10},"2":{"loc":{"start":{"line":12,"column":13},"end":{"line":16,"column":7}},"type":"if","locations":[{"start":{"line":12,"column":13},"end":{"line":16,"column":7}},{"start":{"line":14,"column":13},"end":{"line":16,"column":7}}],"line":12},"3":{"loc":{"start":{"line":14,"column":13},"end":{"line":16,"column":7}},"type":"if","locations":[{"start":{"line":14,"column":13},"end":{"line":16,"column":7}},{"start":{},"end":{}}],"line":14},"4":{"loc":{"start":{"line":21,"column":6},"end":{"line":25,"column":7}},"type":"if","locations":[{"start":{"line":21,"column":6},"end":{"line":25,"column":7}},{"start":{"line":23,"column":13},"end":{"line":25,"column":7}}],"line":21},"5":{"loc":{"start":{"line":23,"column":13},"end":{"line":25,"column":7}},"type":"if","locations":[{"start":{"line":23,"column":13},"end":{"line":25,"column":7}},{"start":{},"end":{}}],"line":23},"6":{"loc":{"start":{"line":30,"column":6},"end":{"line":43,"column":7}},"type":"if","locations":[{"start":{"line":30,"column":6},"end":{"line":43,"column":7}},{"start":{"line":32,"column":13},"end":{"line":43,"column":7}}],"line":30},"7":{"loc":{"start":{"line":32,"column":13},"end":{"line":43,"column":7}},"type":"if","locations":[{"start":{"line":32,"column":13},"end":{"line":43,"column":7}},{"start":{"line":39,"column":13},"end":{"line":43,"column":7}}],"line":32},"8":{"loc":{"start":{"line":33,"column":8},"end":{"line":36,"column":28}},"type":"binary-expr","locations":[{"start":{"line":33,"column":8},"end":{"line":33,"column":28}},{"start":{"line":34,"column":8},"end":{"line":34,"column":28}},{"start":{"line":35,"column":8},"end":{"line":35,"column":28}},{"start":{"line":36,"column":8},"end":{"line":36,"column":28}}],"line":33},"9":{"loc":{"start":{"line":39,"column":13},"end":{"line":43,"column":7}},"type":"if","locations":[{"start":{"line":39,"column":13},"end":{"line":43,"column":7}},{"start":{"line":41,"column":13},"end":{"line":43,"column":7}}],"line":39},"10":{"loc":{"start":{"line":41,"column":13},"end":{"line":43,"column":7}},"type":"if","locations":[{"start":{"line":41,"column":13},"end":{"line":43,"column":7}},{"start":{},"end":{}}],"line":41},"11":{"loc":{"start":{"line":48,"column":6},"end":{"line":50,"column":7}},"type":"if","locations":[{"start":{"line":48,"column":6},"end":{"line":50,"column":7}},{"start":{},"end":{}}],"line":48},"12":{"loc":{"start":{"line":55,"column":6},"end":{"line":66,"column":7}},"type":"if","locations":[{"start":{"line":55,"column":6},"end":{"line":66,"column":7}},{"start":{"line":57,"column":13},"end":{"line":66,"column":7}}],"line":55},"13":{"loc":{"start":{"line":57,"column":13},"end":{"line":66,"column":7}},"type":"if","locations":[{"start":{"line":57,"column":13},"end":{"line":66,"column":7}},{"start":{"line":64,"column":13},"end":{"line":66,"column":7}}],"line":57},"14":{"loc":{"start":{"line":58,"column":8},"end":{"line":61,"column":28}},"type":"binary-expr","locations":[{"start":{"line":58,"column":8},"end":{"line":58,"column":28}},{"start":{"line":59,"column":8},"end":{"line":59,"column":28}},{"start":{"line":60,"column":8},"end":{"line":60,"column":28}},{"start":{"line":61,"column":8},"end":{"line":61,"column":28}}],"line":58},"15":{"loc":{"start":{"line":64,"column":13},"end":{"line":66,"column":7}},"type":"if","locations":[{"start":{"line":64,"column":13},"end":{"line":66,"column":7}},{"start":{},"end":{}}],"line":64}},"s":{"0":147,"1":61,"2":86,"3":28,"4":50,"5":22,"6":28,"7":17,"8":11,"9":10,"10":1,"11":17,"12":8,"13":9,"14":8,"15":1,"16":42,"17":12,"18":30,"19":13,"20":17,"21":1,"22":16,"23":14,"24":2,"25":18,"26":17,"27":1,"28":20,"29":2,"30":18,"31":9,"32":9,"33":8,"34":1,"35":28,"36":1,"37":1},"f":{"0":28,"1":147,"2":50,"3":17,"4":42,"5":18,"6":20},"b":{"0":[61,86],"1":[22,28],"2":[17,11],"3":[10,1],"4":[8,9],"5":[8,1],"6":[12,30],"7":[13,17],"8":[30,26,23,20],"9":[1,16],"10":[14,2],"11":[17,1],"12":[2,18],"13":[9,9],"14":[18,15,13,11],"15":[8,1]},"_coverageSchema":"1a1c01bbd47fc00a2c39e90264f33305004495a9","hash":"efbfdc8869680128e2d940897fd261d5af9eea34"}
}
