{"C:\\Users\\Hugo THIEBAUT\\OneDrive\\Bureau\\Calculatrice\\src\\app\\Automate.ts": {"path":"C:\\Users\\Hugo THIEBAUT\\OneDrive\\Bureau\\Calculatrice\\src\\app\\Automate.ts","statementMap":{"0":{"start":{"line":4,"column":6},"end":{"line":4,"column":92}},"1":{"start":{"line":4,"column":80},"end":{"line":4,"column":92}},"2":{"start":{"line":5,"column":6},"end":{"line":5,"column":19}},"3":{"start":{"line":7,"column":16},"end":{"line":7,"column":17}},"4":{"start":{"line":10,"column":6},"end":{"line":18,"column":7}},"5":{"start":{"line":11,"column":8},"end":{"line":11,"column":40}},"6":{"start":{"line":12,"column":13},"end":{"line":18,"column":7}},"7":{"start":{"line":13,"column":8},"end":{"line":13,"column":40}},"8":{"start":{"line":14,"column":13},"end":{"line":18,"column":7}},"9":{"start":{"line":15,"column":8},"end":{"line":15,"column":40}},"10":{"start":{"line":16,"column":13},"end":{"line":18,"column":7}},"11":{"start":{"line":17,"column":8},"end":{"line":17,"column":40}},"12":{"start":{"line":19,"column":6},"end":{"line":19,"column":42}},"13":{"start":{"line":23,"column":6},"end":{"line":27,"column":7}},"14":{"start":{"line":24,"column":8},"end":{"line":24,"column":40}},"15":{"start":{"line":25,"column":13},"end":{"line":27,"column":7}},"16":{"start":{"line":26,"column":8},"end":{"line":26,"column":40}},"17":{"start":{"line":28,"column":6},"end":{"line":28,"column":42}},"18":{"start":{"line":32,"column":6},"end":{"line":47,"column":7}},"19":{"start":{"line":33,"column":8},"end":{"line":33,"column":40}},"20":{"start":{"line":34,"column":13},"end":{"line":47,"column":7}},"21":{"start":{"line":40,"column":8},"end":{"line":40,"column":40}},"22":{"start":{"line":41,"column":13},"end":{"line":47,"column":7}},"23":{"start":{"line":42,"column":8},"end":{"line":42,"column":40}},"24":{"start":{"line":43,"column":13},"end":{"line":47,"column":7}},"25":{"start":{"line":44,"column":8},"end":{"line":44,"column":20}},"26":{"start":{"line":45,"column":13},"end":{"line":47,"column":7}},"27":{"start":{"line":46,"column":8},"end":{"line":46,"column":40}},"28":{"start":{"line":48,"column":6},"end":{"line":48,"column":55}},"29":{"start":{"line":52,"column":6},"end":{"line":54,"column":7}},"30":{"start":{"line":53,"column":8},"end":{"line":53,"column":40}},"31":{"start":{"line":55,"column":6},"end":{"line":55,"column":42}},"32":{"start":{"line":59,"column":6},"end":{"line":72,"column":7}},"33":{"start":{"line":60,"column":8},"end":{"line":60,"column":40}},"34":{"start":{"line":61,"column":13},"end":{"line":72,"column":7}},"35":{"start":{"line":67,"column":8},"end":{"line":67,"column":40}},"36":{"start":{"line":68,"column":13},"end":{"line":72,"column":7}},"37":{"start":{"line":69,"column":8},"end":{"line":69,"column":20}},"38":{"start":{"line":70,"column":13},"end":{"line":72,"column":7}},"39":{"start":{"line":71,"column":8},"end":{"line":71,"column":40}},"40":{"start":{"line":73,"column":6},"end":{"line":73,"column":55}},"41":{"start":{"line":77,"column":6},"end":{"line":88,"column":7}},"42":{"start":{"line":78,"column":8},"end":{"line":78,"column":40}},"43":{"start":{"line":79,"column":13},"end":{"line":88,"column":7}},"44":{"start":{"line":85,"column":8},"end":{"line":85,"column":40}},"45":{"start":{"line":86,"column":13},"end":{"line":88,"column":7}},"46":{"start":{"line":87,"column":8},"end":{"line":87,"column":20}},"47":{"start":{"line":89,"column":6},"end":{"line":89,"column":52}},"48":{"start":{"line":92,"column":4},"end":{"line":92,"column":33}},"49":{"start":{"line":96,"column":13},"end":{"line":96,"column":48}},"50":{"start":{"line":98,"column":0},"end":{"line":98,"column":20}}},"fnMap":{"0":{"name":"(anonymous_0)","decl":{"start":{"line":2,"column":2},"end":{"line":2,"column":3}},"loc":{"start":{"line":2,"column":63},"end":{"line":93,"column":3}},"line":2},"1":{"name":"estChiffre","decl":{"start":{"line":3,"column":13},"end":{"line":3,"column":23}},"loc":{"start":{"line":3,"column":50},"end":{"line":6,"column":5}},"line":3},"2":{"name":"etat_a","decl":{"start":{"line":9,"column":13},"end":{"line":9,"column":19}},"loc":{"start":{"line":9,"column":75},"end":{"line":20,"column":5}},"line":9},"3":{"name":"etat_b","decl":{"start":{"line":22,"column":13},"end":{"line":22,"column":19}},"loc":{"start":{"line":22,"column":75},"end":{"line":29,"column":5}},"line":22},"4":{"name":"etat_c","decl":{"start":{"line":31,"column":13},"end":{"line":31,"column":19}},"loc":{"start":{"line":31,"column":75},"end":{"line":49,"column":5}},"line":31},"5":{"name":"etat_d","decl":{"start":{"line":51,"column":13},"end":{"line":51,"column":19}},"loc":{"start":{"line":51,"column":75},"end":{"line":56,"column":5}},"line":51},"6":{"name":"etat_e","decl":{"start":{"line":58,"column":13},"end":{"line":58,"column":19}},"loc":{"start":{"line":58,"column":75},"end":{"line":74,"column":5}},"line":58},"7":{"name":"etat_f","decl":{"start":{"line":76,"column":13},"end":{"line":76,"column":19}},"loc":{"start":{"line":76,"column":75},"end":{"line":90,"column":5}},"line":76}},"branchMap":{"0":{"loc":{"start":{"line":4,"column":6},"end":{"line":4,"column":92}},"type":"if","locations":[{"start":{"line":4,"column":6},"end":{"line":4,"column":92}},{"start":{},"end":{}}],"line":4},"1":{"loc":{"start":{"line":10,"column":6},"end":{"line":18,"column":7}},"type":"if","locations":[{"start":{"line":10,"column":6},"end":{"line":18,"column":7}},{"start":{"line":12,"column":13},"end":{"line":18,"column":7}}],"line":10},"2":{"loc":{"start":{"line":12,"column":13},"end":{"line":18,"column":7}},"type":"if","locations":[{"start":{"line":12,"column":13},"end":{"line":18,"column":7}},{"start":{"line":14,"column":13},"end":{"line":18,"column":7}}],"line":12},"3":{"loc":{"start":{"line":14,"column":13},"end":{"line":18,"column":7}},"type":"if","locations":[{"start":{"line":14,"column":13},"end":{"line":18,"column":7}},{"start":{"line":16,"column":13},"end":{"line":18,"column":7}}],"line":14},"4":{"loc":{"start":{"line":16,"column":13},"end":{"line":18,"column":7}},"type":"if","locations":[{"start":{"line":16,"column":13},"end":{"line":18,"column":7}},{"start":{},"end":{}}],"line":16},"5":{"loc":{"start":{"line":23,"column":6},"end":{"line":27,"column":7}},"type":"if","locations":[{"start":{"line":23,"column":6},"end":{"line":27,"column":7}},{"start":{"line":25,"column":13},"end":{"line":27,"column":7}}],"line":23},"6":{"loc":{"start":{"line":25,"column":13},"end":{"line":27,"column":7}},"type":"if","locations":[{"start":{"line":25,"column":13},"end":{"line":27,"column":7}},{"start":{},"end":{}}],"line":25},"7":{"loc":{"start":{"line":32,"column":6},"end":{"line":47,"column":7}},"type":"if","locations":[{"start":{"line":32,"column":6},"end":{"line":47,"column":7}},{"start":{"line":34,"column":13},"end":{"line":47,"column":7}}],"line":32},"8":{"loc":{"start":{"line":34,"column":13},"end":{"line":47,"column":7}},"type":"if","locations":[{"start":{"line":34,"column":13},"end":{"line":47,"column":7}},{"start":{"line":41,"column":13},"end":{"line":47,"column":7}}],"line":34},"9":{"loc":{"start":{"line":35,"column":8},"end":{"line":38,"column":28}},"type":"binary-expr","locations":[{"start":{"line":35,"column":8},"end":{"line":35,"column":28}},{"start":{"line":36,"column":8},"end":{"line":36,"column":28}},{"start":{"line":37,"column":8},"end":{"line":37,"column":28}},{"start":{"line":38,"column":8},"end":{"line":38,"column":28}}],"line":35},"10":{"loc":{"start":{"line":41,"column":13},"end":{"line":47,"column":7}},"type":"if","locations":[{"start":{"line":41,"column":13},"end":{"line":47,"column":7}},{"start":{"line":43,"column":13},"end":{"line":47,"column":7}}],"line":41},"11":{"loc":{"start":{"line":43,"column":13},"end":{"line":47,"column":7}},"type":"if","locations":[{"start":{"line":43,"column":13},"end":{"line":47,"column":7}},{"start":{"line":45,"column":13},"end":{"line":47,"column":7}}],"line":43},"12":{"loc":{"start":{"line":45,"column":13},"end":{"line":47,"column":7}},"type":"if","locations":[{"start":{"line":45,"column":13},"end":{"line":47,"column":7}},{"start":{},"end":{}}],"line":45},"13":{"loc":{"start":{"line":52,"column":6},"end":{"line":54,"column":7}},"type":"if","locations":[{"start":{"line":52,"column":6},"end":{"line":54,"column":7}},{"start":{},"end":{}}],"line":52},"14":{"loc":{"start":{"line":59,"column":6},"end":{"line":72,"column":7}},"type":"if","locations":[{"start":{"line":59,"column":6},"end":{"line":72,"column":7}},{"start":{"line":61,"column":13},"end":{"line":72,"column":7}}],"line":59},"15":{"loc":{"start":{"line":61,"column":13},"end":{"line":72,"column":7}},"type":"if","locations":[{"start":{"line":61,"column":13},"end":{"line":72,"column":7}},{"start":{"line":68,"column":13},"end":{"line":72,"column":7}}],"line":61},"16":{"loc":{"start":{"line":62,"column":8},"end":{"line":65,"column":28}},"type":"binary-expr","locations":[{"start":{"line":62,"column":8},"end":{"line":62,"column":28}},{"start":{"line":63,"column":8},"end":{"line":63,"column":28}},{"start":{"line":64,"column":8},"end":{"line":64,"column":28}},{"start":{"line":65,"column":8},"end":{"line":65,"column":28}}],"line":62},"17":{"loc":{"start":{"line":68,"column":13},"end":{"line":72,"column":7}},"type":"if","locations":[{"start":{"line":68,"column":13},"end":{"line":72,"column":7}},{"start":{"line":70,"column":13},"end":{"line":72,"column":7}}],"line":68},"18":{"loc":{"start":{"line":70,"column":13},"end":{"line":72,"column":7}},"type":"if","locations":[{"start":{"line":70,"column":13},"end":{"line":72,"column":7}},{"start":{},"end":{}}],"line":70},"19":{"loc":{"start":{"line":77,"column":6},"end":{"line":88,"column":7}},"type":"if","locations":[{"start":{"line":77,"column":6},"end":{"line":88,"column":7}},{"start":{"line":79,"column":13},"end":{"line":88,"column":7}}],"line":77},"20":{"loc":{"start":{"line":79,"column":13},"end":{"line":88,"column":7}},"type":"if","locations":[{"start":{"line":79,"column":13},"end":{"line":88,"column":7}},{"start":{"line":86,"column":13},"end":{"line":88,"column":7}}],"line":79},"21":{"loc":{"start":{"line":80,"column":8},"end":{"line":83,"column":28}},"type":"binary-expr","locations":[{"start":{"line":80,"column":8},"end":{"line":80,"column":28}},{"start":{"line":81,"column":8},"end":{"line":81,"column":28}},{"start":{"line":82,"column":8},"end":{"line":82,"column":28}},{"start":{"line":83,"column":8},"end":{"line":83,"column":28}}],"line":80},"22":{"loc":{"start":{"line":86,"column":13},"end":{"line":88,"column":7}},"type":"if","locations":[{"start":{"line":86,"column":13},"end":{"line":88,"column":7}},{"start":{},"end":{}}],"line":86}},"s":{"0":167,"1":68,"2":99,"3":32,"4":61,"5":27,"6":34,"7":17,"8":17,"9":12,"10":5,"11":4,"12":1,"13":17,"14":8,"15":9,"16":8,"17":1,"18":47,"19":12,"20":35,"21":12,"22":23,"23":1,"24":22,"25":13,"26":9,"27":8,"28":1,"29":20,"30":19,"31":1,"32":22,"33":2,"34":20,"35":9,"36":11,"37":8,"38":3,"39":2,"40":1,"41":12,"42":2,"43":10,"44":4,"45":6,"46":4,"47":2,"48":32,"49":1,"50":1},"f":{"0":32,"1":167,"2":61,"3":17,"4":47,"5":20,"6":22,"7":12},"b":{"0":[68,99],"1":[27,34],"2":[17,17],"3":[12,5],"4":[4,1],"5":[8,9],"6":[8,1],"7":[12,35],"8":[12,23],"9":[35,32,29,26],"10":[1,22],"11":[13,9],"12":[8,1],"13":[19,1],"14":[2,20],"15":[9,11],"16":[20,17,15,13],"17":[8,3],"18":[2,1],"19":[2,10],"20":[4,6],"21":[10,6,6,6],"22":[4,2]},"_coverageSchema":"1a1c01bbd47fc00a2c39e90264f33305004495a9","hash":"3527c1bd41f7bda39a7e171b6ba5b733411dbe67"}
}
