TN:
SF:src\app\Automate.ts
FN:2,(anonymous_0)
FN:3,estChiffre
FN:9,etat_a
FN:22,etat_b
FN:31,etat_c
FN:51,etat_d
FN:58,etat_e
FN:76,etat_f
FNF:8
FNH:8
FNDA:32,(anonymous_0)
FNDA:167,estChiffre
FNDA:61,etat_a
FNDA:17,etat_b
FNDA:47,etat_c
FNDA:20,etat_d
FNDA:22,etat_e
FNDA:12,etat_f
DA:4,167
DA:5,99
DA:7,32
DA:10,61
DA:11,27
DA:12,34
DA:13,17
DA:14,17
DA:15,12
DA:16,5
DA:17,4
DA:19,1
DA:23,17
DA:24,8
DA:25,9
DA:26,8
DA:28,1
DA:32,47
DA:33,12
DA:34,35
DA:40,12
DA:41,23
DA:42,1
DA:43,22
DA:44,13
DA:45,9
DA:46,8
DA:48,1
DA:52,20
DA:53,19
DA:55,1
DA:59,22
DA:60,2
DA:61,20
DA:67,9
DA:68,11
DA:69,8
DA:70,3
DA:71,2
DA:73,1
DA:77,12
DA:78,2
DA:79,10
DA:85,4
DA:86,6
DA:87,4
DA:89,2
DA:92,32
DA:96,1
DA:98,1
LF:50
LH:50
BRDA:4,0,0,68
BRDA:4,0,1,99
BRDA:10,1,0,27
BRDA:10,1,1,34
BRDA:12,2,0,17
BRDA:12,2,1,17
BRDA:14,3,0,12
BRDA:14,3,1,5
BRDA:16,4,0,4
BRDA:16,4,1,1
BRDA:23,5,0,8
BRDA:23,5,1,9
BRDA:25,6,0,8
BRDA:25,6,1,1
BRDA:32,7,0,12
BRDA:32,7,1,35
BRDA:34,8,0,12
BRDA:34,8,1,23
BRDA:35,9,0,35
BRDA:35,9,1,32
BRDA:35,9,2,29
BRDA:35,9,3,26
BRDA:41,10,0,1
BRDA:41,10,1,22
BRDA:43,11,0,13
BRDA:43,11,1,9
BRDA:45,12,0,8
BRDA:45,12,1,1
BRDA:52,13,0,19
BRDA:52,13,1,1
BRDA:59,14,0,2
BRDA:59,14,1,20
BRDA:61,15,0,9
BRDA:61,15,1,11
BRDA:62,16,0,20
BRDA:62,16,1,17
BRDA:62,16,2,15
BRDA:62,16,3,13
BRDA:68,17,0,8
BRDA:68,17,1,3
BRDA:70,18,0,2
BRDA:70,18,1,1
BRDA:77,19,0,2
BRDA:77,19,1,10
BRDA:79,20,0,4
BRDA:79,20,1,6
BRDA:80,21,0,10
BRDA:80,21,1,6
BRDA:80,21,2,6
BRDA:80,21,3,6
BRDA:86,22,0,4
BRDA:86,22,1,2
BRF:52
BRH:52
end_of_record
