TN:
SF:src\app\Automate.ts
FN:2,(anonymous_0)
FN:3,estChiffre
FN:9,etat_a
FN:20,etat_b
FN:29,etat_c
FN:47,etat_d
FN:54,etat_e
FNF:7
FNH:7
FNDA:28,(anonymous_0)
FNDA:147,estChiffre
FNDA:50,etat_a
FNDA:17,etat_b
FNDA:42,etat_c
FNDA:18,etat_d
FNDA:20,etat_e
DA:4,147
DA:5,86
DA:7,28
DA:10,50
DA:11,22
DA:12,28
DA:13,17
DA:14,11
DA:15,10
DA:17,1
DA:21,17
DA:22,8
DA:23,9
DA:24,8
DA:26,1
DA:30,42
DA:31,12
DA:32,30
DA:38,13
DA:39,17
DA:40,1
DA:41,16
DA:42,14
DA:44,2
DA:48,18
DA:49,17
DA:51,1
DA:55,20
DA:56,2
DA:57,18
DA:63,9
DA:64,9
DA:65,8
DA:67,1
DA:70,28
DA:74,1
DA:76,1
LF:37
LH:37
BRDA:4,0,0,61
BRDA:4,0,1,86
BRDA:10,1,0,22
BRDA:10,1,1,28
BRDA:12,2,0,17
BRDA:12,2,1,11
BRDA:14,3,0,10
BRDA:14,3,1,1
BRDA:21,4,0,8
BRDA:21,4,1,9
BRDA:23,5,0,8
BRDA:23,5,1,1
BRDA:30,6,0,12
BRDA:30,6,1,30
BRDA:32,7,0,13
BRDA:32,7,1,17
BRDA:33,8,0,30
BRDA:33,8,1,26
BRDA:33,8,2,23
BRDA:33,8,3,20
BRDA:39,9,0,1
BRDA:39,9,1,16
BRDA:41,10,0,14
BRDA:41,10,1,2
BRDA:48,11,0,17
BRDA:48,11,1,1
BRDA:55,12,0,2
BRDA:55,12,1,18
BRDA:57,13,0,9
BRDA:57,13,1,9
BRDA:58,14,0,18
BRDA:58,14,1,15
BRDA:58,14,2,13
BRDA:58,14,3,11
BRDA:64,15,0,8
BRDA:64,15,1,1
BRF:36
BRH:36
end_of_record
